<?xml version="1.0" encoding="UTF-8"?>
<testng-results skipped="0" failed="0" total="1" passed="1">
  <reporter-output>
  </reporter-output>
  <suite name="Suite" duration-ms="12691" started-at="2019-06-13T12:16:12Z" finished-at="2019-06-13T12:16:25Z">
    <groups>
    </groups>
    <test name="Test" duration-ms="12691" started-at="2019-06-13T12:16:12Z" finished-at="2019-06-13T12:16:25Z">
      <class name="TestCless.LaunchApplication">
        <test-method status="PASS" signature="Launch()[pri:0, instance:TestCless.LaunchApplication@1a92922]" name="Launch" duration-ms="12669" started-at="2019-06-13T17:46:12Z" finished-at="2019-06-13T17:46:25Z">
          <reporter-output>
          </reporter-output>
        </test-method> <!-- Launch -->
      </class> <!-- TestCless.LaunchApplication -->
    </test> <!-- Test -->
  </suite> <!-- Suite -->
</testng-results>
